<?xml version="1.0" encoding="UTF-8"?>
<!-- Generated by org.testng.reporters.JUnitXMLReporter -->
<testsuite hostname="NACTS-081729" name="FirefoxTest" tests="12" failures="0" timestamp="16 Jun 2016 18:42:32 GMT" time="2.826" errors="0">
  <testcase name="getApiResponseError" time="2.312" classname="automationFramework.TestCases.ApiCustomerSearch"/>
  <testcase name="getApiResponseError2" time="0.056" classname="automationFramework.TestCases.ApiCustomerSearch"/>
  <testcase name="getApiResponseError3" time="0.045" classname="automationFramework.TestCases.ApiCustomerSearch"/>
  <testcase name="getApiResponseError4" time="0.063" classname="automationFramework.TestCases.ApiCustomerSearch"/>
  <testcase name="getApiResponseError5" time="0.038" classname="automationFramework.TestCases.ApiCustomerSearch"/>
  <testcase name="getApiResponseSuccess" time="0.075" classname="automationFramework.TestCases.ApiCustomerSearch"/>
  <testcase name="getApiResponseError" time="0.052" classname="automationFramework.TestCases.ApiCustomerSecurity"/>
  <testcase name="getApiResponseError2" time="0.033" classname="automationFramework.TestCases.ApiCustomerSecurity"/>
  <testcase name="getApiResponseError3" time="0.023" classname="automationFramework.TestCases.ApiCustomerSecurity"/>
  <testcase name="getApiResponseError4" time="0.028" classname="automationFramework.TestCases.ApiCustomerSecurity"/>
  <testcase name="getApiResponseError5" time="0.027" classname="automationFramework.TestCases.ApiCustomerSecurity"/>
  <testcase name="getApiResponseSuccess" time="0.037" classname="automationFramework.TestCases.ApiCustomerSecurity"/>
</testsuite> <!-- FirefoxTest -->
