<?xml version="1.0" encoding="UTF-8"?>
<testng-results skipped="0" failed="0" total="1" passed="1">
  <reporter-output>
  </reporter-output>
  <suite name="Test2 - Suite" duration-ms="1757" started-at="2016-10-11T17:20:59Z" finished-at="2016-10-11T17:21:01Z">
    <groups>
    </groups>
    <test name="ApiTest" duration-ms="1757" started-at="2016-10-11T17:20:59Z" finished-at="2016-10-11T17:21:01Z">
      <class name="automationFramework.TestCases.ApiCreateAccount">
        <test-method status="PASS" signature="ApiPostSuccess()[pri:0, instance:automationFramework.TestCases.ApiCreateAccount@370736d9]" name="ApiPostSuccess" duration-ms="1745" started-at="2016-10-11T10:20:59Z" finished-at="2016-10-11T10:21:01Z">
          <reporter-output>
          </reporter-output>
        </test-method> <!-- ApiPostSuccess -->
      </class> <!-- automationFramework.TestCases.ApiCreateAccount -->
    </test> <!-- ApiTest -->
  </suite> <!-- Test2 - Suite -->
</testng-results>
