<?xml version="1.0" encoding="UTF-8" ?>
<testsuite tests="2" failures="2" name="TestSuite" time="126.584" errors="0" skipped="0">
  <properties>
[...]
</properties>
  <testcase classname="automationFramework.TestCases.SearchCustomerTest" name="searchCustomer" time="63.389">
    <failure message="Unable to locate element: {&quot;method&quot;:&quot;xpath&quot;,&quot;selector&quot;:&quot;//*[@id=&apos;nav-collapse-1&apos;]/ul[1]/li[7]/a&quot;}
Command duration or timeout: 60.20 seconds
For documentation on this error, please visit: http://seleniumhq.org/exceptions/no_such_element.html
Build info: version: &apos;2.45.0&apos;, revision: &apos;5017cb8e7ca8e37638dc3091b2440b90a1d8686f&apos;, time: &apos;2015-02-27 09:10:26&apos;
System info: host: &apos;NACTS-081729&apos;, ip: &apos;149.63.89.132&apos;, os.name: &apos;Windows 7&apos;, os.arch: &apos;amd64&apos;, os.version: &apos;6.1&apos;, java.version: &apos;1.8.0_77&apos;
Driver info: org.openqa.selenium.firefox.FirefoxDriver
Capabilities [{applicationCacheEnabled=true, rotatable=false, handlesAlerts=true, databaseEnabled=true, version=28.0, platform=WINDOWS, browserConnectionEnabled=true, nativeEvents=false, acceptSslCerts=true, webStorageEnabled=true, locationContextEnabled=true, browserName=firefox, takesScreenshot=true, javascriptEnabled=true, cssSelectorsEnabled=true}]
Session ID: 95fb25bb-1db3-4af0-9960-dd5b48422730
*** Element info: {Using=xpath, value=//*[@id=&apos;nav-collapse-1&apos;]/ul[1]/li[7]/a}" type="org.openqa.selenium.NoSuchElementException">org.openqa.selenium.NoSuchElementException: Unable to locate element: {&quot;method&quot;:&quot;xpath&quot;,&quot;selector&quot;:&quot;//*[@id=&apos;nav-collapse-1&apos;]/ul[1]/li[7]/a&quot;}
Command duration or timeout: 60.20 seconds
For documentation on this error, please visit: http://seleniumhq.org/exceptions/no_such_element.html
Build info: version: &apos;2.45.0&apos;, revision: &apos;5017cb8e7ca8e37638dc3091b2440b90a1d8686f&apos;, time: &apos;2015-02-27 09:10:26&apos;
System info: host: &apos;NACTS-081729&apos;, ip: &apos;149.63.89.132&apos;, os.name: &apos;Windows 7&apos;, os.arch: &apos;amd64&apos;, os.version: &apos;6.1&apos;, java.version: &apos;1.8.0_77&apos;
Driver info: org.openqa.selenium.firefox.FirefoxDriver
Capabilities [{applicationCacheEnabled=true, rotatable=false, handlesAlerts=true, databaseEnabled=true, version=28.0, platform=WINDOWS, browserConnectionEnabled=true, nativeEvents=false, acceptSslCerts=true, webStorageEnabled=true, locationContextEnabled=true, browserName=firefox, takesScreenshot=true, javascriptEnabled=true, cssSelectorsEnabled=true}]
Session ID: 95fb25bb-1db3-4af0-9960-dd5b48422730
*** Element info: {Using=xpath, value=//*[@id=&apos;nav-collapse-1&apos;]/ul[1]/li[7]/a}
	at sun.reflect.NativeConstructorAccessorImpl.newInstance0(Native Method)
	at sun.reflect.NativeConstructorAccessorImpl.newInstance(NativeConstructorAccessorImpl.java:62)
	at sun.reflect.DelegatingConstructorAccessorImpl.newInstance(DelegatingConstructorAccessorImpl.java:45)
	at java.lang.reflect.Constructor.newInstance(Constructor.java:423)
	at org.openqa.selenium.remote.ErrorHandler.createThrowable(ErrorHandler.java:204)
	at org.openqa.selenium.remote.ErrorHandler.throwIfResponseFailed(ErrorHandler.java:156)
	at org.openqa.selenium.remote.RemoteWebDriver.execute(RemoteWebDriver.java:599)
	at org.openqa.selenium.remote.RemoteWebDriver.findElement(RemoteWebDriver.java:352)
	at org.openqa.selenium.remote.RemoteWebDriver.findElementByXPath(RemoteWebDriver.java:449)
	at org.openqa.selenium.By$ByXPath.findElement(By.java:357)
	at org.openqa.selenium.remote.RemoteWebDriver.findElement(RemoteWebDriver.java:344)
	at automationFramework.PageObjects.DashboardPage.clickNextContact(DashboardPage.java:34)
	at automationFramework.TestCases.SearchCustomerTest.searchCustomer(SearchCustomerTest.java:53)
Caused by: org.openqa.selenium.NoSuchElementException: Unable to locate element: {&quot;method&quot;:&quot;xpath&quot;,&quot;selector&quot;:&quot;//*[@id=&apos;nav-collapse-1&apos;]/ul[1]/li[7]/a&quot;}
For documentation on this error, please visit: http://seleniumhq.org/exceptions/no_such_element.html
Build info: version: &apos;2.45.0&apos;, revision: &apos;5017cb8e7ca8e37638dc3091b2440b90a1d8686f&apos;, time: &apos;2015-02-27 09:10:26&apos;
System info: host: &apos;NACTS-081729&apos;, ip: &apos;149.63.89.132&apos;, os.name: &apos;Windows 7&apos;, os.arch: &apos;amd64&apos;, os.version: &apos;6.1&apos;, java.version: &apos;1.8.0_77&apos;
Driver info: driver.version: unknown
	at &lt;anonymous class&gt;.FirefoxDriver.prototype.findElementInternal_(file:///C:/WINDOWS/TEMP/anonymous7929516498354570910webdriver-profile/extensions/fxdriver@googlecode.com/components/driver-component.js:10271)
	at &lt;anonymous class&gt;.fxdriver.Timer.prototype.setTimeout/&lt;.notify(file:///C:/WINDOWS/TEMP/anonymous7929516498354570910webdriver-profile/extensions/fxdriver@googlecode.com/components/driver-component.js:603)
</failure>
    <system-out>Time in Milliseconds: 0 
Test Case: automationFramework.TestCases.SearchCustomerTest 
Time Stamp: 2016-05-16 08:16:15,137 
Code Location: automationFramework.TestCases.SearchCustomerTest.setUp(SearchCustomerTest.java:35) 
Log Message: Setup Started 
 
2016-05-16 08:16:15,137 INFO  [Logger] Setup Started 
Time in Milliseconds: 151 
Test Case: automationFramework.TestCases.SearchCustomerTest 
Time Stamp: 2016-05-16 08:16:15,288 
Code Location: automationFramework.TestCases.SearchCustomerTest.setUp(SearchCustomerTest.java:36) 
Log Message: Current OS: Windows 7 Enterprise 
 
2016-05-16 08:16:15,288 INFO  [Logger] Current OS: Windows 7 Enterprise 
Time in Milliseconds: 152 
Test Case: automationFramework.TestCases.SearchCustomerTest 
Time Stamp: 2016-05-16 08:16:15,289 
Code Location: automationFramework.TestCases.SearchCustomerTest.setUp(SearchCustomerTest.java:37) 
Log Message: Current Browser: firefox.exe 
 
2016-05-16 08:16:15,289 INFO  [Logger] Current Browser: firefox.exe 
Time in Milliseconds: 4512 
Test Case: automationFramework.TestCases.SearchCustomerTest 
Time Stamp: 2016-05-16 08:16:19,649 
Code Location: automationFramework.TestCases.SearchCustomerTest.setUp(SearchCustomerTest.java:40) 
Log Message: Setup Completed 
 
2016-05-16 08:16:19,649 INFO  [Logger] Setup Completed 
</system-out>
  </testcase>
  <testcase classname="automationFramework.TestCases.SearchCustomerTest" name="createNewCustomer" time="63.195">
    <failure message="Unable to locate element: {&quot;method&quot;:&quot;xpath&quot;,&quot;selector&quot;:&quot;//*[@id=&apos;nav-collapse-1&apos;]/ul[1]/li[7]/a&quot;}
Command duration or timeout: 60.17 seconds
For documentation on this error, please visit: http://seleniumhq.org/exceptions/no_such_element.html
Build info: version: &apos;2.45.0&apos;, revision: &apos;5017cb8e7ca8e37638dc3091b2440b90a1d8686f&apos;, time: &apos;2015-02-27 09:10:26&apos;
System info: host: &apos;NACTS-081729&apos;, ip: &apos;149.63.89.132&apos;, os.name: &apos;Windows 7&apos;, os.arch: &apos;amd64&apos;, os.version: &apos;6.1&apos;, java.version: &apos;1.8.0_77&apos;
Driver info: org.openqa.selenium.firefox.FirefoxDriver
Capabilities [{applicationCacheEnabled=true, rotatable=false, handlesAlerts=true, databaseEnabled=true, version=28.0, platform=WINDOWS, browserConnectionEnabled=true, nativeEvents=false, acceptSslCerts=true, webStorageEnabled=true, locationContextEnabled=true, browserName=firefox, takesScreenshot=true, javascriptEnabled=true, cssSelectorsEnabled=true}]
Session ID: 62895170-4003-4694-8377-4048238843f3
*** Element info: {Using=xpath, value=//*[@id=&apos;nav-collapse-1&apos;]/ul[1]/li[7]/a}" type="org.openqa.selenium.NoSuchElementException">org.openqa.selenium.NoSuchElementException: Unable to locate element: {&quot;method&quot;:&quot;xpath&quot;,&quot;selector&quot;:&quot;//*[@id=&apos;nav-collapse-1&apos;]/ul[1]/li[7]/a&quot;}
Command duration or timeout: 60.17 seconds
For documentation on this error, please visit: http://seleniumhq.org/exceptions/no_such_element.html
Build info: version: &apos;2.45.0&apos;, revision: &apos;5017cb8e7ca8e37638dc3091b2440b90a1d8686f&apos;, time: &apos;2015-02-27 09:10:26&apos;
System info: host: &apos;NACTS-081729&apos;, ip: &apos;149.63.89.132&apos;, os.name: &apos;Windows 7&apos;, os.arch: &apos;amd64&apos;, os.version: &apos;6.1&apos;, java.version: &apos;1.8.0_77&apos;
Driver info: org.openqa.selenium.firefox.FirefoxDriver
Capabilities [{applicationCacheEnabled=true, rotatable=false, handlesAlerts=true, databaseEnabled=true, version=28.0, platform=WINDOWS, browserConnectionEnabled=true, nativeEvents=false, acceptSslCerts=true, webStorageEnabled=true, locationContextEnabled=true, browserName=firefox, takesScreenshot=true, javascriptEnabled=true, cssSelectorsEnabled=true}]
Session ID: 62895170-4003-4694-8377-4048238843f3
*** Element info: {Using=xpath, value=//*[@id=&apos;nav-collapse-1&apos;]/ul[1]/li[7]/a}
	at sun.reflect.NativeConstructorAccessorImpl.newInstance0(Native Method)
	at sun.reflect.NativeConstructorAccessorImpl.newInstance(NativeConstructorAccessorImpl.java:62)
	at sun.reflect.DelegatingConstructorAccessorImpl.newInstance(DelegatingConstructorAccessorImpl.java:45)
	at java.lang.reflect.Constructor.newInstance(Constructor.java:423)
	at org.openqa.selenium.remote.ErrorHandler.createThrowable(ErrorHandler.java:204)
	at org.openqa.selenium.remote.ErrorHandler.throwIfResponseFailed(ErrorHandler.java:156)
	at org.openqa.selenium.remote.RemoteWebDriver.execute(RemoteWebDriver.java:599)
	at org.openqa.selenium.remote.RemoteWebDriver.findElement(RemoteWebDriver.java:352)
	at org.openqa.selenium.remote.RemoteWebDriver.findElementByXPath(RemoteWebDriver.java:449)
	at org.openqa.selenium.By$ByXPath.findElement(By.java:357)
	at org.openqa.selenium.remote.RemoteWebDriver.findElement(RemoteWebDriver.java:344)
	at automationFramework.PageObjects.DashboardPage.clickNextContact(DashboardPage.java:34)
	at automationFramework.TestCases.SearchCustomerTest.createNewCustomer(SearchCustomerTest.java:77)
Caused by: org.openqa.selenium.NoSuchElementException: Unable to locate element: {&quot;method&quot;:&quot;xpath&quot;,&quot;selector&quot;:&quot;//*[@id=&apos;nav-collapse-1&apos;]/ul[1]/li[7]/a&quot;}
For documentation on this error, please visit: http://seleniumhq.org/exceptions/no_such_element.html
Build info: version: &apos;2.45.0&apos;, revision: &apos;5017cb8e7ca8e37638dc3091b2440b90a1d8686f&apos;, time: &apos;2015-02-27 09:10:26&apos;
System info: host: &apos;NACTS-081729&apos;, ip: &apos;149.63.89.132&apos;, os.name: &apos;Windows 7&apos;, os.arch: &apos;amd64&apos;, os.version: &apos;6.1&apos;, java.version: &apos;1.8.0_77&apos;
Driver info: driver.version: unknown
	at &lt;anonymous class&gt;.FirefoxDriver.prototype.findElementInternal_(file:///C:/WINDOWS/TEMP/anonymous4169855566887116972webdriver-profile/extensions/fxdriver@googlecode.com/components/driver-component.js:10271)
	at &lt;anonymous class&gt;.fxdriver.Timer.prototype.setTimeout/&lt;.notify(file:///C:/WINDOWS/TEMP/anonymous4169855566887116972webdriver-profile/extensions/fxdriver@googlecode.com/components/driver-component.js:603)
</failure>
    <system-out>Time in Milliseconds: 67895 
Test Case: automationFramework.TestCases.SearchCustomerTest 
Time Stamp: 2016-05-16 08:17:23,032 
Code Location: automationFramework.TestCases.SearchCustomerTest.tearDown(SearchCustomerTest.java:95) 
Log Message: TearDown Complete 
 
2016-05-16 08:17:23,032 INFO  [Logger] TearDown Complete 
Time in Milliseconds: 68222 
Test Case: automationFramework.TestCases.SearchCustomerTest 
Time Stamp: 2016-05-16 08:17:23,359 
Code Location: automationFramework.TestCases.SearchCustomerTest.setUp(SearchCustomerTest.java:35) 
Log Message: Setup Started 
 
Time in Milliseconds: 68222 
Test Case: automationFramework.TestCases.SearchCustomerTest 
Time Stamp: 2016-05-16 08:17:23,359 
Code Location: automationFramework.TestCases.SearchCustomerTest.setUp(SearchCustomerTest.java:35) 
Log Message: Setup Started 
 
2016-05-16 08:17:23,359 INFO  [Logger] Setup Started 
Time in Milliseconds: 68273 
Test Case: automationFramework.TestCases.SearchCustomerTest 
Time Stamp: 2016-05-16 08:17:23,410 
Code Location: automationFramework.TestCases.SearchCustomerTest.setUp(SearchCustomerTest.java:36) 
Log Message: Current OS: Windows 7 Enterprise 
 
Time in Milliseconds: 68273 
Test Case: automationFramework.TestCases.SearchCustomerTest 
Time Stamp: 2016-05-16 08:17:23,410 
Code Location: automationFramework.TestCases.SearchCustomerTest.setUp(SearchCustomerTest.java:36) 
Log Message: Current OS: Windows 7 Enterprise 
 
2016-05-16 08:17:23,410 INFO  [Logger] Current OS: Windows 7 Enterprise 
Time in Milliseconds: 68274 
Test Case: automationFramework.TestCases.SearchCustomerTest 
Time Stamp: 2016-05-16 08:17:23,411 
Code Location: automationFramework.TestCases.SearchCustomerTest.setUp(SearchCustomerTest.java:37) 
Log Message: Current Browser: firefox.exe 
 
Time in Milliseconds: 68274 
Test Case: automationFramework.TestCases.SearchCustomerTest 
Time Stamp: 2016-05-16 08:17:23,411 
Code Location: automationFramework.TestCases.SearchCustomerTest.setUp(SearchCustomerTest.java:37) 
Log Message: Current Browser: firefox.exe 
 
2016-05-16 08:17:23,411 INFO  [Logger] Current Browser: firefox.exe 
Time in Milliseconds: 71466 
Test Case: automationFramework.TestCases.SearchCustomerTest 
Time Stamp: 2016-05-16 08:17:26,603 
Code Location: automationFramework.TestCases.SearchCustomerTest.setUp(SearchCustomerTest.java:40) 
Log Message: Setup Completed 
 
Time in Milliseconds: 71466 
Test Case: automationFramework.TestCases.SearchCustomerTest 
Time Stamp: 2016-05-16 08:17:26,603 
Code Location: automationFramework.TestCases.SearchCustomerTest.setUp(SearchCustomerTest.java:40) 
Log Message: Setup Completed 
 
2016-05-16 08:17:26,603 INFO  [Logger] Setup Completed 
</system-out>
  </testcase>
</testsuite>