<?xml version="1.0" encoding="UTF-8"?>
<testng-results skipped="0" failed="0" total="1" passed="1">
  <reporter-output>
  </reporter-output>
  <suite name="Test2 - Suite" duration-ms="1734" started-at="2016-10-11T16:27:11Z" finished-at="2016-10-11T16:27:13Z">
    <groups>
    </groups>
    <test name="ApiTest" duration-ms="1734" started-at="2016-10-11T16:27:11Z" finished-at="2016-10-11T16:27:13Z">
      <class name="automationFramework.TestCases.ApiCreateAccount">
        <test-method status="PASS" signature="ApiPostSuccess()[pri:0, instance:automationFramework.TestCases.ApiCreateAccount@57e1b0c]" name="ApiPostSuccess" duration-ms="1719" started-at="2016-10-11T09:27:11Z" finished-at="2016-10-11T09:27:13Z">
          <reporter-output>
          </reporter-output>
        </test-method> <!-- ApiPostSuccess -->
      </class> <!-- automationFramework.TestCases.ApiCreateAccount -->
    </test> <!-- ApiTest -->
  </suite> <!-- Test2 - Suite -->
</testng-results>
